#
# A fatal error has been detected by the Java Runtime Environment:
#
#  SIGSEGV (0xb) at pc=0x00007fcad50693fa, pid=7618, tid=140507832518400
#
# JRE version: OpenJDK Runtime Environment (8.0_91-b14) (build 1.8.0_91-8u91-b14-0ubuntu4~16.04.1-b14)
# Java VM: OpenJDK 64-Bit Server VM (25.91-b14 mixed mode linux-amd64 compressed oops)
# Problematic frame:
# v  ~BufferBlob::jni_fast_GetLongField
#
# Failed to write core dump. Core dumps have been disabled. To enable core dumping, try "ulimit -c unlimited" before starting Java again
#
# If you would like to submit a bug report, please visit:
#   http://bugreport.java.com/bugreport/crash.jsp
# The crash happened outside the Java Virtual Machine in native code.
# See problematic frame for where to report the bug.
#

---------------  T H R E A D  ---------------

Current thread (0x00007fcae4255000):  JavaThread "AWT-XAWT" daemon [_thread_in_native, id=7654, stack(0x00007fca87620000,0x00007fca87721000)]

siginfo: si_signo: 11 (SIGSEGV), si_code: 1 (SEGV_MAPERR), si_addr: 0x0000000000000000

Registers:
RAX=0x00007fcaec11ae80, RBX=0x00007fcae42551e0, RCX=0x0000000000000000, RDX=0x0000000000000042
RSP=0x00007fca8771f838, RBP=0x00007fca8771f860, RSI=0x0000000000000000, RDI=0x00007fcae42551e0
R8 =0x00000000d8d39170, R9 =0x0000000000000000, R10=0x0000000000000308, R11=0x00007fcad539b118
R12=0x00007fca6c012830, R13=0x0000000000000000, R14=0x00007fcaad7a1b00, R15=0x00007fcae4255000
RIP=0x00007fcad50693fa, EFLAGS=0x0000000000010246, CSGSFS=0x0000000000000033, ERR=0x0000000000000004
  TRAPNO=0x000000000000000e

Top of Stack: (sp=0x00007fca8771f838)
0x00007fca8771f838:   00007fcaad57ef34 00007fcad4c29bb8
0x00007fca8771f848:   00007fca6c012830 00007fca8771f910
0x00007fca8771f858:   00007fca8771f8e0 0000000000000000
0x00007fca8771f868:   00007fcaad0403c0 00007fcad4c29bb8
0x00007fca8771f878:   00007fca8771f8a0 0000000000000000
0x00007fca8771f888:   00007fcaad037f93 00007fca8771f910
0x00007fca8771f898:   00007fcaad576caf 00007fca8771f8f0
0x00007fca8771f8a8:   00007fcad539b1b6 0000000000000000
0x00007fca8771f8b8:   00007fcad526bab6 00007fca8771f910
0x00007fca8771f8c8:   00007fcad518d0ac 00000000d8d20340
0x00007fca8771f8d8:   00007fcad52b004c 00000000d8d086b0
0x00007fca8771f8e8:   00007fcad4d2c2f0 00007fca8771f970
0x00007fca8771f8f8:   00007fcad50077d0 00007fca8771f970
0x00007fca8771f908:   00007fcad50077d0 0000000000000000
0x00007fca8771f918:   00007fcad5007b10 00007fca74000e30
0x00007fca8771f928:   00000000d8d20340 00007fca8771f930
0x00007fca8771f938:   00007fcad4d25d64 00007fca8771f9b8
0x00007fca8771f948:   00007fcad4d2f4b8 0000000000000000
0x00007fca8771f958:   00007fcad4d25ea0 00007fca8771f910
0x00007fca8771f968:   00007fca8771f9b0 00007fca8771fa00
0x00007fca8771f978:   00007fcad5007ffd 0000000000000000
0x00007fca8771f988:   00000000d7991b08 0000000000000000
0x00007fca8771f998:   0000000000000000 0000000000000000
0x00007fca8771f9a8:   00000000d8d20340 0000000000000000
0x00007fca8771f9b8:   00000000d8d202e8 00007fca8771f9c0
0x00007fca8771f9c8:   00007fcad4d25ba5 00007fca8771fa10
0x00007fca8771f9d8:   00007fcad4d2f4b8 0000000000000000
0x00007fca8771f9e8:   00007fcad4d25bb0 00007fca8771f9b0
0x00007fca8771f9f8:   00007fca8771fa10 00007fca8771fa58
0x00007fca8771fa08:   00007fcad5008042 00000000d8d202e8
0x00007fca8771fa18:   00007fca8771fa18 00007fcad482d8db
0x00007fca8771fa28:   00007fca8771fa68 00007fcad48b4dd8 

Instructions: (pc=0x00007fcad50693fa)
0x00007fcad50693da:   00 00 00 00 00 00 44 8b 15 ed e4 0d 17 4c 8b ce
0x00007fcad50693ea:   41 f6 c2 01 0f 85 2e 00 00 00 4d 33 ca 4d 33 ca
0x00007fcad50693fa:   4d 8b 09 4c 8b da 49 c1 eb 02 4b 8b 04 19 49 bb
0x00007fcad506940a:   d4 78 14 ec ca 7f 00 00 4c 33 d8 4c 33 d8 45 3b 

Register to memory mapping:

RAX=0x00007fcaec11ae80: <offset 0xee7e80> in /usr/lib/jvm/java-8-openjdk-amd64/jre/lib/amd64/server/libjvm.so at 0x00007fcaeb233000
RBX=0x00007fcae42551e0 is an unknown value
RCX=0x0000000000000000 is an unknown value
RDX=0x0000000000000042 is an unknown value
RSP=0x00007fca8771f838 is pointing into the stack for thread: 0x00007fcae4255000
RBP=0x00007fca8771f860 is pointing into the stack for thread: 0x00007fcae4255000
RSI=0x0000000000000000 is an unknown value
RDI=0x00007fcae42551e0 is an unknown value
R8 =0x00000000d8d39170 is an oop
sun.util.logging.PlatformLogger$Level 
 - klass: 'sun/util/logging/PlatformLogger$Level'
R9 =0x0000000000000000 is an unknown value
R10=0x0000000000000308 is an unknown value
R11=0x00007fcad539b118 is at entry_point+24 in (nmethod*)0x00007fcad539af90
R12=0x00007fca6c012830 is an unknown value
R13=0x0000000000000000 is an unknown value
R14=0x00007fcaad7a1b00: <offset 0x258b00> in /usr/lib/jvm/java-8-openjdk-amd64/jre/lib/amd64/libawt_xawt.so at 0x00007fcaad549000
R15=0x00007fcae4255000 is a thread


Stack: [0x00007fca87620000,0x00007fca87721000],  sp=0x00007fca8771f838,  free space=1022k
Native frames: (J=compiled Java code, j=interpreted, Vv=VM code, C=native code)
v  ~BufferBlob::jni_fast_GetLongField
C  [libX11.so.6+0x643c0]  _XimServerDestroy+0x70

Java frames: (J=compiled Java code, j=interpreted, Vv=VM code)
J 1059  sun.awt.X11.XlibWrapper.XFilterEvent(JJ)Z (0 bytes) @ 0x00007fcad539b144 [0x00007fcad539b100+0x44]
j  sun.awt.X11.XToolkit.run(Z)V+300
j  sun.awt.X11.XToolkit.run()V+5
j  java.lang.Thread.run()V+11
v  ~StubRoutines::call_stub

---------------  P R O C E S S  ---------------

Java Threads: ( => current thread )
  0x00007fca98002000 JavaThread "SIGHUP handler" daemon [_thread_new_trans, id=10429, stack(0x00007fca8661d000,0x00007fca8671e000)]
  0x00007fca98001000 JavaThread "SIGTERM handler" daemon [_thread_blocked, id=10425, stack(0x00007fca8671e000,0x00007fca8681f000)]
  0x00007fcae400a000 JavaThread "DestroyJavaVM" [_thread_blocked, id=7619, stack(0x00007fcaece72000,0x00007fcaecf73000)]
  0x00007fcae429b000 JavaThread "AWT-EventQueue-0" [_thread_in_native, id=7656, stack(0x00007fca8741e000,0x00007fca8751f000)]
  0x00007fcae4297000 JavaThread "AWT-Shutdown" [_thread_blocked, id=7655, stack(0x00007fca8751f000,0x00007fca87620000)]
=>0x00007fcae4255000 JavaThread "AWT-XAWT" daemon [_thread_in_native, id=7654, stack(0x00007fca87620000,0x00007fca87721000)]
  0x00007fcae422e800 JavaThread "Java2D Disposer" daemon [_thread_blocked, id=7653, stack(0x00007fcaac03a000,0x00007fcaac13b000)]
  0x00007fcae40cb800 JavaThread "Service Thread" daemon [_thread_blocked, id=7637, stack(0x00007fcaadb74000,0x00007fcaadc75000)]
  0x00007fcae40be800 JavaThread "C1 CompilerThread3" daemon [_thread_blocked, id=7636, stack(0x00007fcaadc75000,0x00007fcaadd76000)]
  0x00007fcae40ba000 JavaThread "C2 CompilerThread2" daemon [_thread_blocked, id=7635, stack(0x00007fcaadd76000,0x00007fcaade77000)]
  0x00007fcae40b8000 JavaThread "C2 CompilerThread1" daemon [_thread_blocked, id=7634, stack(0x00007fcaade77000,0x00007fcaadf78000)]
  0x00007fcae40b5800 JavaThread "C2 CompilerThread0" daemon [_thread_blocked, id=7633, stack(0x00007fcaadf78000,0x00007fcaae079000)]
  0x00007fcae40b3000 JavaThread "Signal Dispatcher" daemon [_thread_blocked, id=7632, stack(0x00007fcaae079000,0x00007fcaae17a000)]
  0x00007fcae408b800 JavaThread "Finalizer" daemon [_thread_blocked, id=7631, stack(0x00007fcaaeb39000,0x00007fcaaec3a000)]
  0x00007fcae4087000 JavaThread "Reference Handler" daemon [_thread_blocked, id=7630, stack(0x00007fcaaec3a000,0x00007fcaaed3b000)]

Other Threads:
  0x00007fcae407f800 VMThread [stack: 0x00007fcaaed3b000,0x00007fcaaee3c000] [id=7629]
  0x00007fcae40ce000 WatcherThread [stack: 0x00007fcaada73000,0x00007fcaadb74000] [id=7638]

VM state:not at safepoint (normal execution)

VM Mutex/Monitor currently owned by a thread:  ([mutex/lock_event])
[0x00007fcae4006140] Threads_lock - owner thread: 0x00007fca98002000

Heap:
 PSYoungGen      total 36864K, used 21205K [0x00000000d6e00000, 0x00000000d9700000, 0x0000000100000000)
  eden space 31744K, 58% used [0x00000000d6e00000,0x00000000d8041638,0x00000000d8d00000)
  from space 5120K, 49% used [0x00000000d8d00000,0x00000000d8f74010,0x00000000d9200000)
  to   space 5120K, 0% used [0x00000000d9200000,0x00000000d9200000,0x00000000d9700000)
 ParOldGen       total 84992K, used 16K [0x0000000084a00000, 0x0000000089d00000, 0x00000000d6e00000)
  object space 84992K, 0% used [0x0000000084a00000,0x0000000084a04000,0x0000000089d00000)
 Metaspace       used 12671K, capacity 12854K, committed 12928K, reserved 1060864K
  class space    used 1315K, capacity 1384K, committed 1408K, reserved 1048576K

Card table byte_map: [0x00007fcae9165000,0x00007fcae9541000] byte_map_base: 0x00007fcae8d40000

Marking Bits: (ParMarkBitMap*) 0x00007fcaec146fc0
 Begin Bits: [0x00007fcab0250000, 0x00007fcab2128000)
 End Bits:   [0x00007fcab2128000, 0x00007fcab4000000)

Polling page: 0x00007fcaecf98000

CodeCache: size=245760Kb used=6260Kb max_used=6368Kb free=239499Kb
 bounds [0x00007fcad5000000, 0x00007fcad5670000, 0x00007fcae4000000]
 total_blobs=2222 nmethods=1664 adapters=471
 compilation: enabled

Compilation events (10 events):
Event: 3843.168 Thread 0x00007fcae40be800 1979   !   3       java.util.Vector$Itr::next (63 bytes)
Event: 3843.170 Thread 0x00007fcae40be800 nmethod 1979 0x00007fcad5294010 code [0x00007fcad52941c0, 0x00007fcad5294838]
Event: 3843.170 Thread 0x00007fcae40be800 1980       3       java.util.Vector$Itr::checkForComodification (23 bytes)
Event: 3843.170 Thread 0x00007fcae40be800 nmethod 1980 0x00007fcad5212110 code [0x00007fcad5212280, 0x00007fcad52124a8]
Event: 5301.848 Thread 0x00007fcae40be800 1981       3       java.lang.Long::longValue (5 bytes)
Event: 5301.848 Thread 0x00007fcae40be800 nmethod 1981 0x00007fcad5362150 code [0x00007fcad53622a0, 0x00007fcad53623f0]
Event: 5336.833 Thread 0x00007fcae40be800 1982       3       java.lang.Long::equals (30 bytes)
Event: 5336.833 Thread 0x00007fcae40be800 nmethod 1982 0x00007fcad5293810 code [0x00007fcad52939a0, 0x00007fcad5293e50]
Event: 5490.016 Thread 0x00007fcae40be800 1983       1       java.lang.Thread::getThreadGroup (5 bytes)
Event: 5490.016 Thread 0x00007fcae40be800 nmethod 1983 0x00007fcad5350550 code [0x00007fcad53506a0, 0x00007fcad53507b0]

GC Heap History (2 events):
Event: 217.970 GC heap before
{Heap before GC invocations=1 (full 0):
 PSYoungGen      total 36864K, used 31744K [0x00000000d6e00000, 0x00000000d9700000, 0x0000000100000000)
  eden space 31744K, 100% used [0x00000000d6e00000,0x00000000d8d00000,0x00000000d8d00000)
  from space 5120K, 0% used [0x00000000d9200000,0x00000000d9200000,0x00000000d9700000)
  to   space 5120K, 0% used [0x00000000d8d00000,0x00000000d8d00000,0x00000000d9200000)
 ParOldGen       total 84992K, used 0K [0x0000000084a00000, 0x0000000089d00000, 0x00000000d6e00000)
  object space 84992K, 0% used [0x0000000084a00000,0x0000000084a00000,0x0000000089d00000)
 Metaspace       used 12503K, capacity 12720K, committed 12928K, reserved 1060864K
  class space    used 1312K, capacity 1383K, committed 1408K, reserved 1048576K
Event: 217.976 GC heap after
Heap after GC invocations=1 (full 0):
 PSYoungGen      total 36864K, used 2512K [0x00000000d6e00000, 0x00000000d9700000, 0x0000000100000000)
  eden space 31744K, 0% used [0x00000000d6e00000,0x00000000d6e00000,0x00000000d8d00000)
  from space 5120K, 49% used [0x00000000d8d00000,0x00000000d8f74010,0x00000000d9200000)
  to   space 5120K, 0% used [0x00000000d9200000,0x00000000d9200000,0x00000000d9700000)
 ParOldGen       total 84992K, used 16K [0x0000000084a00000, 0x0000000089d00000, 0x00000000d6e00000)
  object space 84992K, 0% used [0x0000000084a00000,0x0000000084a04000,0x0000000089d00000)
 Metaspace       used 12503K, capacity 12720K, committed 12928K, reserved 1060864K
  class space    used 1312K, capacity 1383K, committed 1408K, reserved 1048576K
}

Deoptimization events (10 events):
Event: 210.929 Thread 0x00007fcae429b000 Uncommon trap: reason=unstable_if action=reinterpret pc=0x00007fcad5172b38 method=java.lang.StrictMath.floorOrCeil(DDDD)D @ 90
Event: 217.976 Thread 0x00007fcae422e800 Uncommon trap: reason=unstable_if action=reinterpret pc=0x00007fcad52a2c70 method=java.util.concurrent.locks.AbstractQueuedSynchronizer.acquireQueued(Ljava/util/concurrent/locks/AbstractQueuedSynchronizer$Node;I)Z @ 17
Event: 220.332 Thread 0x00007fcae4255000 Uncommon trap: reason=unstable_if action=reinterpret pc=0x00007fcad553341c method=sun.awt.X11.XWindow.handleMotionNotify(Lsun/awt/X11/XEvent;)V @ 70
Event: 220.353 Thread 0x00007fcae429b000 Uncommon trap: reason=unstable_if action=reinterpret pc=0x00007fcad52b54a0 method=java.lang.ref.SoftReference.get()Ljava/lang/Object; @ 17
Event: 220.353 Thread 0x00007fcae429b000 Uncommon trap: reason=unstable_if action=reinterpret pc=0x00007fcad52eadf0 method=java.lang.ref.SoftReference.get()Ljava/lang/Object; @ 17
Event: 220.353 Thread 0x00007fcae429b000 Uncommon trap: reason=unstable_if action=reinterpret pc=0x00007fcad52e761c method=java.lang.ref.SoftReference.get()Ljava/lang/Object; @ 17
Event: 220.353 Thread 0x00007fcae429b000 Uncommon trap: reason=unstable_if action=reinterpret pc=0x00007fcad52dfc14 method=java.lang.ref.SoftReference.get()Ljava/lang/Object; @ 17
Event: 264.925 Thread 0x00007fcae429b000 Uncommon trap: reason=unstable_if action=reinterpret pc=0x00007fcad559d344 method=java.awt.LightweightDispatcher.trackMouseEnterExit(Ljava/awt/Component;Ljava/awt/event/MouseEvent;)V @ 30
Event: 264.925 Thread 0x00007fcae429b000 Uncommon trap: reason=unstable_if action=reinterpret pc=0x00007fcad52aa830 method=java.awt.Toolkit$SelectiveAWTEventListener.eventDispatched(Ljava/awt/AWTEvent;)V @ 195
Event: 264.925 Thread 0x00007fcae429b000 Uncommon trap: reason=unstable_if action=reinterpret pc=0x00007fcad51ff3c8 method=java.awt.LightweightDispatcher.eventDispatched(Ljava/awt/AWTEvent;)V @ 21

Internal exceptions (10 events):
Event: 480.115 Thread 0x00007fcae429b000 Exception <a 'java/lang/ArrayIndexOutOfBoundsException'> (0x00000000d7ec2858) thrown at [/build/openjdk-8-6lTAoN/openjdk-8-8u91-b14/src/hotspot/src/share/vm/runtime/sharedRuntime.cpp, line 605]
Event: 480.115 Thread 0x00007fcae429b000 Exception <a 'java/lang/ArrayIndexOutOfBoundsException'> (0x00000000d7ec2c78) thrown at [/build/openjdk-8-6lTAoN/openjdk-8-8u91-b14/src/hotspot/src/share/vm/runtime/sharedRuntime.cpp, line 605]
Event: 480.115 Thread 0x00007fcae429b000 Exception <a 'java/lang/ArrayIndexOutOfBoundsException'> (0x00000000d7ec3098) thrown at [/build/openjdk-8-6lTAoN/openjdk-8-8u91-b14/src/hotspot/src/share/vm/runtime/sharedRuntime.cpp, line 605]
Event: 480.116 Thread 0x00007fcae429b000 Exception <a 'java/lang/ArrayIndexOutOfBoundsException'> (0x00000000d7ec3cb0) thrown at [/build/openjdk-8-6lTAoN/openjdk-8-8u91-b14/src/hotspot/src/share/vm/runtime/sharedRuntime.cpp, line 605]
Event: 480.116 Thread 0x00007fcae429b000 Exception <a 'java/lang/ArrayIndexOutOfBoundsException'> (0x00000000d7ec40d0) thrown at [/build/openjdk-8-6lTAoN/openjdk-8-8u91-b14/src/hotspot/src/share/vm/runtime/sharedRuntime.cpp, line 605]
Event: 480.116 Thread 0x00007fcae429b000 Exception <a 'java/lang/ArrayIndexOutOfBoundsException'> (0x00000000d7ec44f0) thrown at [/build/openjdk-8-6lTAoN/openjdk-8-8u91-b14/src/hotspot/src/share/vm/runtime/sharedRuntime.cpp, line 605]
Event: 480.116 Thread 0x00007fcae429b000 Exception <a 'java/lang/ArrayIndexOutOfBoundsException'> (0x00000000d7ec49a8) thrown at [/build/openjdk-8-6lTAoN/openjdk-8-8u91-b14/src/hotspot/src/share/vm/runtime/sharedRuntime.cpp, line 605]
Event: 480.116 Thread 0x00007fcae429b000 Exception <a 'java/lang/ArrayIndexOutOfBoundsException'> (0x00000000d7ec4dc8) thrown at [/build/openjdk-8-6lTAoN/openjdk-8-8u91-b14/src/hotspot/src/share/vm/runtime/sharedRuntime.cpp, line 605]
Event: 480.116 Thread 0x00007fcae429b000 Exception <a 'java/lang/ArrayIndexOutOfBoundsException'> (0x00000000d7ec51e8) thrown at [/build/openjdk-8-6lTAoN/openjdk-8-8u91-b14/src/hotspot/src/share/vm/runtime/sharedRuntime.cpp, line 605]
Event: 480.116 Thread 0x00007fcae429b000 Exception <a 'java/lang/ArrayIndexOutOfBoundsException'> (0x00000000d7ec5608) thrown at [/build/openjdk-8-6lTAoN/openjdk-8-8u91-b14/src/hotspot/src/share/vm/runtime/sharedRuntime.cpp, line 605]

Events (10 events):
Event: 733.174 loading class sun/awt/X11/XkbEvent
Event: 734.978 loading class sun/awt/X11/XkbEvent done
Event: 734.978 loading class sun/awt/X11/XkbAnyEvent
Event: 735.051 loading class sun/awt/X11/XkbAnyEvent done
Event: 5490.015 loading class sun/misc/Signal$1
Event: 5490.015 loading class sun/misc/Signal$1 done
Event: 5490.015 Thread 0x00007fca98001000 Thread added: 0x00007fca98001000
Event: 5490.016 Executing VM operation: RevokeBias
Event: 5490.016 Thread 0x00007fca98002000 Thread added: 0x00007fca98002000
Event: 5490.025 Executing VM operation: RevokeBias done


Dynamic libraries:
00400000-00401000 r-xp 00000000 08:09 7869838                            /usr/lib/jvm/java-8-openjdk-amd64/jre/bin/java
00600000-00601000 r--p 00000000 08:09 7869838                            /usr/lib/jvm/java-8-openjdk-amd64/jre/bin/java
00601000-00602000 rw-p 00001000 08:09 7869838                            /usr/lib/jvm/java-8-openjdk-amd64/jre/bin/java
0084a000-0086b000 rw-p 00000000 00:00 0                                  [heap]
84a00000-89d00000 rw-p 00000000 00:00 0 
89d00000-d6e00000 ---p 00000000 00:00 0 
d6e00000-d9700000 rw-p 00000000 00:00 0 
d9700000-100000000 ---p 00000000 00:00 0 
100000000-100160000 rw-p 00000000 00:00 0 
100160000-140000000 ---p 00000000 00:00 0 
7fca64000000-7fca64021000 rw-p 00000000 00:00 0 
7fca64021000-7fca68000000 ---p 00000000 00:00 0 
7fca6c000000-7fca6c073000 rw-p 00000000 00:00 0 
7fca6c073000-7fca70000000 ---p 00000000 00:00 0 
7fca70000000-7fca70084000 rw-p 00000000 00:00 0 
7fca70084000-7fca74000000 ---p 00000000 00:00 0 
7fca74000000-7fca74021000 rw-p 00000000 00:00 0 
7fca74021000-7fca78000000 ---p 00000000 00:00 0 
7fca78000000-7fca78021000 rw-p 00000000 00:00 0 
7fca78021000-7fca7c000000 ---p 00000000 00:00 0 
7fca7c000000-7fca7c021000 rw-p 00000000 00:00 0 
7fca7c021000-7fca80000000 ---p 00000000 00:00 0 
7fca80000000-7fca80021000 rw-p 00000000 00:00 0 
7fca80021000-7fca84000000 ---p 00000000 00:00 0 
7fca8661d000-7fca86620000 ---p 00000000 00:00 0 
7fca86620000-7fca8671e000 rw-p 00000000 00:00 0 
7fca8671e000-7fca86721000 ---p 00000000 00:00 0 
7fca86721000-7fca8695f000 rw-p 00000000 00:00 0 
7fca8695f000-7fca86a1f000 ---p 00000000 00:00 0 
7fca86a1f000-7fca86a2a000 r--s 00000000 08:09 133079                     /var/cache/fontconfig/945677eb7aeaf62f1d50efc3fb3ec7d8-le64.cache-6
7fca86a2a000-7fca86a2c000 r--s 00000000 08:09 133557                     /var/cache/fontconfig/99e8ed0e538f840c565b6ed5dad60d56-le64.cache-6
7fca86a2c000-7fca86a35000 r--s 00000000 08:09 133556                     /var/cache/fontconfig/a6d8cf8e4ec09cdbc8633c31745a07dd-le64.cache-6
7fca86a35000-7fca86a3b000 r--s 00000000 08:09 133061                     /var/cache/fontconfig/2cd17615ca594fa2959ae173292e504c-le64.cache-6
7fca86a3b000-7fca86a3c000 r--s 00000000 08:09 133058                     /var/cache/fontconfig/0d8c3b2ac0904cb8a57a757ad11a4a08-le64.cache-6
7fca86a3c000-7fca86a51000 r--s 00000000 08:09 133055                     /var/cache/fontconfig/04aabc0a78ac019cf9454389977116d2-le64.cache-6
7fca86a51000-7fca86a52000 r--s 00000000 08:09 133060                     /var/cache/fontconfig/1ac9eb803944fde146138c791f5cc56a-le64.cache-6
7fca86a52000-7fca86a56000 r--s 00000000 08:09 133065                     /var/cache/fontconfig/385c0604a188198f04d133e54aba7fe7-le64.cache-6
7fca86a56000-7fca86a59000 r--s 00000000 08:09 133075                     /var/cache/fontconfig/767a8244fc0220cfb567a839d0392e0b-le64.cache-6
7fca86a59000-7fca86a5e000 r--s 00000000 08:09 133078                     /var/cache/fontconfig/8801497958630a81b71ace7c5f9b32a8-le64.cache-6
7fca86a5e000-7fca86a99000 r--s 00000000 08:09 133577                     /var/cache/fontconfig/365b55f210c0a22e9a19e35191240f32-le64.cache-6
7fca86aee000-7fca86af2000 r--s 00097000 08:09 7869788                    /usr/lib/jvm/java-8-openjdk-amd64/jre/lib/jsse.jar
7fca86af2000-7fca86cf2000 rw-p 00000000 00:00 0 
7fca86cf2000-7fca86d03000 r-xp 00000000 08:09 7869758                    /usr/lib/jvm/java-8-openjdk-amd64/jre/lib/amd64/libnio.so
7fca86d03000-7fca86f03000 ---p 00011000 08:09 7869758                    /usr/lib/jvm/java-8-openjdk-amd64/jre/lib/amd64/libnio.so
7fca86f03000-7fca86f04000 r--p 00011000 08:09 7869758                    /usr/lib/jvm/java-8-openjdk-amd64/jre/lib/amd64/libnio.so
7fca86f04000-7fca86f05000 rw-p 00012000 08:09 7869758                    /usr/lib/jvm/java-8-openjdk-amd64/jre/lib/amd64/libnio.so
7fca86f05000-7fca87206000 rw-p 00000000 00:00 0 
7fca87206000-7fca8721d000 r-xp 00000000 08:09 7869761                    /usr/lib/jvm/java-8-openjdk-amd64/jre/lib/amd64/libnet.so
7fca8721d000-7fca8741c000 ---p 00017000 08:09 7869761                    /usr/lib/jvm/java-8-openjdk-amd64/jre/lib/amd64/libnet.so
7fca8741c000-7fca8741d000 r--p 00016000 08:09 7869761                    /usr/lib/jvm/java-8-openjdk-amd64/jre/lib/amd64/libnet.so
7fca8741d000-7fca8741e000 rw-p 00017000 08:09 7869761                    /usr/lib/jvm/java-8-openjdk-amd64/jre/lib/amd64/libnet.so
7fca8741e000-7fca87421000 ---p 00000000 00:00 0 
7fca87421000-7fca8751f000 rw-p 00000000 00:00 0 
7fca8751f000-7fca87522000 ---p 00000000 00:00 0 
7fca87522000-7fca87620000 rw-p 00000000 00:00 0 
7fca87620000-7fca87623000 ---p 00000000 00:00 0 
7fca87623000-7fca87721000 rw-p 00000000 00:00 0 
7fca87721000-7fca87726000 r-xp 00000000 08:09 6955083                    /usr/lib/x86_64-linux-gnu/libXfixes.so.3.1.0
7fca87726000-7fca87925000 ---p 00005000 08:09 6955083                    /usr/lib/x86_64-linux-gnu/libXfixes.so.3.1.0
7fca87925000-7fca87926000 r--p 00004000 08:09 6955083                    /usr/lib/x86_64-linux-gnu/libXfixes.so.3.1.0
7fca87926000-7fca87927000 rw-p 00005000 08:09 6955083                    /usr/lib/x86_64-linux-gnu/libXfixes.so.3.1.0
7fca87927000-7fca87930000 r-xp 00000000 08:09 6955075                    /usr/lib/x86_64-linux-gnu/libXcursor.so.1.0.2
7fca87930000-7fca87b2f000 ---p 00009000 08:09 6955075                    /usr/lib/x86_64-linux-gnu/libXcursor.so.1.0.2
7fca87b2f000-7fca87b30000 r--p 00008000 08:09 6955075                    /usr/lib/x86_64-linux-gnu/libXcursor.so.1.0.2
7fca87b30000-7fca87b31000 rw-p 00009000 08:09 6955075                    /usr/lib/x86_64-linux-gnu/libXcursor.so.1.0.2
7fca87b31000-7fca87b55000 r-xp 00000000 08:09 5247585                    /lib/x86_64-linux-gnu/libpng12.so.0.54.0
7fca87b55000-7fca87d54000 ---p 00024000 08:09 5247585                    /lib/x86_64-linux-gnu/libpng12.so.0.54.0
7fca87d54000-7fca87d55000 r--p 00023000 08:09 5247585                    /lib/x86_64-linux-gnu/libpng12.so.0.54.0
7fca87d55000-7fca87d56000 rw-p 00024000 08:09 5247585                    /lib/x86_64-linux-gnu/libpng12.so.0.54.0
7fca87d56000-7fca87dfa000 r-xp 00000000 08:09 6955498                    /usr/lib/x86_64-linux-gnu/libfreetype.so.6.12.1
7fca87dfa000-7fca87ff9000 ---p 000a4000 08:09 6955498                    /usr/lib/x86_64-linux-gnu/libfreetype.so.6.12.1
7fca87ff9000-7fca87fff000 r--p 000a3000 08:09 6955498                    /usr/lib/x86_64-linux-gnu/libfreetype.so.6.12.1
7fca87fff000-7fca88000000 rw-p 000a9000 08:09 6955498                    /usr/lib/x86_64-linux-gnu/libfreetype.so.6.12.1
7fca88000000-7fca8872e000 rw-p 00000000 00:00 0 
7fca8872e000-7fca8c000000 ---p 00000000 00:00 0 
7fca8c000000-7fca8c021000 rw-p 00000000 00:00 0 
7fca8c021000-7fca90000000 ---p 00000000 00:00 0 
7fca90000000-7fca90a56000 rw-p 00000000 00:00 0 
7fca90a56000-7fca94000000 ---p 00000000 00:00 0 
7fca94000000-7fca94bd9000 rw-p 00000000 00:00 0 
7fca94bd9000-7fca98000000 ---p 00000000 00:00 0 
7fca98000000-7fca98021000 rw-p 00000000 00:00 0 
7fca98021000-7fca9c000000 ---p 00000000 00:00 0 
7fca9c000000-7fca9cf84000 rw-p 00000000 00:00 0 
7fca9cf84000-7fcaa0000000 ---p 00000000 00:00 0 
7fcaa0000000-7fcaa0021000 rw-p 00000000 00:00 0 
7fcaa0021000-7fcaa4000000 ---p 00000000 00:00 0 
7fcaa4000000-7fcaa4021000 rw-p 00000000 00:00 0 
7fcaa4021000-7fcaa8000000 ---p 00000000 00:00 0 
7fcaa8000000-7fcaa8131000 rw-p 00000000 00:00 0 
7fcaa8131000-7fcaac000000 ---p 00000000 00:00 0 
7fcaac000000-7fcaac007000 r--s 00000000 08:09 133062                     /var/cache/fontconfig/3047814df9a2f067bd2d96a2b9c36e5a-le64.cache-6
7fcaac007000-7fcaac00d000 r--s 00000000 08:09 133083                     /var/cache/fontconfig/b47c4e1ecd0709278f4910c18777a504-le64.cache-6
7fcaac00d000-7fcaac015000 r--s 00000000 08:09 133555                     /var/cache/fontconfig/52f7bdb7ce746bfd7eaa1985bd9cfa93-le64.cache-6
7fcaac015000-7fcaac028000 r--s 00000000 08:09 133089                     /var/cache/fontconfig/d52a8644073d54c13679302ca1180695-le64.cache-6
7fcaac028000-7fcaac03a000 r--s 00000000 08:09 133188                     /var/cache/fontconfig/9b89f8e3dae116d678bbf48e5f21f69b-le64.cache-6
7fcaac03a000-7fcaac03d000 ---p 00000000 00:00 0 
7fcaac03d000-7fcaac13b000 rw-p 00000000 00:00 0 
7fcaac13b000-7fcaac18d000 r-xp 00000000 08:09 7869778                    /usr/lib/jvm/java-8-openjdk-amd64/jre/lib/amd64/libfontmanager.so
7fcaac18d000-7fcaac38d000 ---p 00052000 08:09 7869778                    /usr/lib/jvm/java-8-openjdk-amd64/jre/lib/amd64/libfontmanager.so
7fcaac38d000-7fcaac38f000 r--p 00052000 08:09 7869778                    /usr/lib/jvm/java-8-openjdk-amd64/jre/lib/amd64/libfontmanager.so
7fcaac38f000-7fcaac390000 rw-p 00054000 08:09 7869778                    /usr/lib/jvm/java-8-openjdk-amd64/jre/lib/amd64/libfontmanager.so
7fcaac390000-7fcaac395000 r-xp 00000000 08:09 6955079                    /usr/lib/x86_64-linux-gnu/libXdmcp.so.6.0.0
7fcaac395000-7fcaac594000 ---p 00005000 08:09 6955079                    /usr/lib/x86_64-linux-gnu/libXdmcp.so.6.0.0
7fcaac594000-7fcaac595000 r--p 00004000 08:09 6955079                    /usr/lib/x86_64-linux-gnu/libXdmcp.so.6.0.0
7fcaac595000-7fcaac596000 rw-p 00005000 08:09 6955079                    /usr/lib/x86_64-linux-gnu/libXdmcp.so.6.0.0
7fcaac596000-7fcaac598000 r-xp 00000000 08:09 6955068                    /usr/lib/x86_64-linux-gnu/libXau.so.6.0.0
7fcaac598000-7fcaac798000 ---p 00002000 08:09 6955068                    /usr/lib/x86_64-linux-gnu/libXau.so.6.0.0
7fcaac798000-7fcaac799000 r--p 00002000 08:09 6955068                    /usr/lib/x86_64-linux-gnu/libXau.so.6.0.0
7fcaac799000-7fcaac79a000 rw-p 00003000 08:09 6955068                    /usr/lib/x86_64-linux-gnu/libXau.so.6.0.0
7fcaac79a000-7fcaac7bb000 r-xp 00000000 08:09 6956446                    /usr/lib/x86_64-linux-gnu/libxcb.so.1.1.0
7fcaac7bb000-7fcaac9ba000 ---p 00021000 08:09 6956446                    /usr/lib/x86_64-linux-gnu/libxcb.so.1.1.0
7fcaac9ba000-7fcaac9bb000 r--p 00020000 08:09 6956446                    /usr/lib/x86_64-linux-gnu/libxcb.so.1.1.0
7fcaac9bb000-7fcaac9bc000 rw-p 00021000 08:09 6956446                    /usr/lib/x86_64-linux-gnu/libxcb.so.1.1.0
7fcaac9bc000-7fcaac9cb000 r-xp 00000000 08:09 6955089                    /usr/lib/x86_64-linux-gnu/libXi.so.6.1.0
7fcaac9cb000-7fcaacbca000 ---p 0000f000 08:09 6955089                    /usr/lib/x86_64-linux-gnu/libXi.so.6.1.0
7fcaacbca000-7fcaacbcb000 r--p 0000e000 08:09 6955089                    /usr/lib/x86_64-linux-gnu/libXi.so.6.1.0
7fcaacbcb000-7fcaacbcc000 rw-p 0000f000 08:09 6955089                    /usr/lib/x86_64-linux-gnu/libXi.so.6.1.0
7fcaacbcc000-7fcaacbd1000 r-xp 00000000 08:09 6955107                    /usr/lib/x86_64-linux-gnu/libXtst.so.6.1.0
7fcaacbd1000-7fcaacdd0000 ---p 00005000 08:09 6955107                    /usr/lib/x86_64-linux-gnu/libXtst.so.6.1.0
7fcaacdd0000-7fcaacdd1000 r--p 00004000 08:09 6955107                    /usr/lib/x86_64-linux-gnu/libXtst.so.6.1.0
7fcaacdd1000-7fcaacdd2000 rw-p 00005000 08:09 6955107                    /usr/lib/x86_64-linux-gnu/libXtst.so.6.1.0
7fcaacdd2000-7fcaacddb000 r-xp 00000000 08:09 6955101                    /usr/lib/x86_64-linux-gnu/libXrender.so.1.3.0
7fcaacddb000-7fcaacfda000 ---p 00009000 08:09 6955101                    /usr/lib/x86_64-linux-gnu/libXrender.so.1.3.0
7fcaacfda000-7fcaacfdb000 r--p 00008000 08:09 6955101                    /usr/lib/x86_64-linux-gnu/libXrender.so.1.3.0
7fcaacfdb000-7fcaacfdc000 rw-p 00009000 08:09 6955101                    /usr/lib/x86_64-linux-gnu/libXrender.so.1.3.0
7fcaacfdc000-7fcaad111000 r-xp 00000000 08:09 6955064                    /usr/lib/x86_64-linux-gnu/libX11.so.6.3.0
7fcaad111000-7fcaad311000 ---p 00135000 08:09 6955064                    /usr/lib/x86_64-linux-gnu/libX11.so.6.3.0
7fcaad311000-7fcaad312000 r--p 00135000 08:09 6955064                    /usr/lib/x86_64-linux-gnu/libX11.so.6.3.0
7fcaad312000-7fcaad316000 rw-p 00136000 08:09 6955064                    /usr/lib/x86_64-linux-gnu/libX11.so.6.3.0
7fcaad316000-7fcaad327000 r-xp 00000000 08:09 6955081                    /usr/lib/x86_64-linux-gnu/libXext.so.6.4.0
7fcaad327000-7fcaad526000 ---p 00011000 08:09 6955081                    /usr/lib/x86_64-linux-gnu/libXext.so.6.4.0
7fcaad526000-7fcaad527000 r--p 00010000 08:09 6955081                    /usr/lib/x86_64-linux-gnu/libXext.so.6.4.0
7fcaad527000-7fcaad528000 rw-p 00011000 08:09 6955081                    /usr/lib/x86_64-linux-gnu/libXext.so.6.4.0
7fcaad528000-7fcaad529000 r--s 00000000 08:09 133092                     /var/cache/fontconfig/dc05db6664285cc2f12bf69c139ae4c3-le64.cache-6
7fcaad529000-7fcaad52a000 r--s 00000000 08:09 133066                     /var/cache/fontconfig/4794a0821666d79190d59a36cb4f44b5-le64.cache-6
7fcaad52a000-7fcaad52b000 r--s 00000000 08:09 133085                     /var/cache/fontconfig/bab58bb527bb656aaa9f116d68a48d89-le64.cache-6
7fcaad52b000-7fcaad536000 r--s 00000000 08:09 133043                     /var/cache/fontconfig/d589a48862398ed80a3d6066f4f56f4c-le64.cache-6
7fcaad536000-7fcaad549000 r--s 00345000 08:09 7866255                    /usr/lib/jvm/java-8-openjdk-amd64/jre/lib/resources.jar
7fcaad549000-7fcaad59d000 r-xp 00000000 08:09 7869752                    /usr/lib/jvm/java-8-openjdk-amd64/jre/lib/amd64/libawt_xawt.so
7fcaad59d000-7fcaad79d000 ---p 00054000 08:09 7869752                    /usr/lib/jvm/java-8-openjdk-amd64/jre/lib/amd64/libawt_xawt.so
7fcaad79d000-7fcaad79e000 r--p 00054000 08:09 7869752                    /usr/lib/jvm/java-8-openjdk-amd64/jre/lib/amd64/libawt_xawt.so
7fcaad79e000-7fcaad7a1000 rw-p 00055000 08:09 7869752                    /usr/lib/jvm/java-8-openjdk-amd64/jre/lib/amd64/libawt_xawt.so
7fcaad7a1000-7fcaad7a2000 rw-p 00000000 00:00 0 
7fcaad7a2000-7fcaad842000 r-xp 00000000 08:09 7869782                    /usr/lib/jvm/java-8-openjdk-amd64/jre/lib/amd64/libawt.so
7fcaad842000-7fcaada42000 ---p 000a0000 08:09 7869782                    /usr/lib/jvm/java-8-openjdk-amd64/jre/lib/amd64/libawt.so
7fcaada42000-7fcaada43000 r--p 000a0000 08:09 7869782                    /usr/lib/jvm/java-8-openjdk-amd64/jre/lib/amd64/libawt.so
7fcaada43000-7fcaada4e000 rw-p 000a1000 08:09 7869782                    /usr/lib/jvm/java-8-openjdk-amd64/jre/lib/amd64/libawt.so
7fcaada4e000-7fcaada73000 rw-p 00000000 00:00 0 
7fcaada73000-7fcaada74000 ---p 00000000 00:00 0 
7fcaada74000-7fcaadb74000 rw-p 00000000 00:00 0 
7fcaadb74000-7fcaadb77000 ---p 00000000 00:00 0 
7fcaadb77000-7fcaadc75000 rw-p 00000000 00:00 0 
7fcaadc75000-7fcaadc78000 ---p 00000000 00:00 0 
7fcaadc78000-7fcaadd76000 rw-p 00000000 00:00 0 
7fcaadd76000-7fcaadd79000 ---p 00000000 00:00 0 
7fcaadd79000-7fcaade77000 rw-p 00000000 00:00 0 
7fcaade77000-7fcaade7a000 ---p 00000000 00:00 0 
7fcaade7a000-7fcaadf78000 rw-p 00000000 00:00 0 
7fcaadf78000-7fcaadf7b000 ---p 00000000 00:00 0 
7fcaadf7b000-7fcaae079000 rw-p 00000000 00:00 0 
7fcaae079000-7fcaae07c000 ---p 00000000 00:00 0 
7fcaae07c000-7fcaae17a000 rw-p 00000000 00:00 0 
7fcaae17a000-7fcaaeb39000 r--p 00000000 08:09 6954081                    /usr/lib/locale/locale-archive
7fcaaeb39000-7fcaaeb3c000 ---p 00000000 00:00 0 
7fcaaeb3c000-7fcaaec3a000 rw-p 00000000 00:00 0 
7fcaaec3a000-7fcaaec3d000 ---p 00000000 00:00 0 
7fcaaec3d000-7fcaaed3b000 rw-p 00000000 00:00 0 
7fcaaed3b000-7fcaaed3c000 ---p 00000000 00:00 0 
7fcaaed3c000-7fcab4000000 rw-p 00000000 00:00 0 
7fcab4000000-7fcab4021000 rw-p 00000000 00:00 0 
7fcab4021000-7fcab8000000 ---p 00000000 00:00 0 
7fcab8000000-7fcab8021000 rw-p 00000000 00:00 0 
7fcab8021000-7fcabc000000 ---p 00000000 00:00 0 
7fcabc000000-7fcabc021000 rw-p 00000000 00:00 0 
7fcabc021000-7fcac0000000 ---p 00000000 00:00 0 
7fcac0000000-7fcac0021000 rw-p 00000000 00:00 0 
7fcac0021000-7fcac4000000 ---p 00000000 00:00 0 
7fcac4000000-7fcac4021000 rw-p 00000000 00:00 0 
7fcac4021000-7fcac8000000 ---p 00000000 00:00 0 
7fcac8000000-7fcac8021000 rw-p 00000000 00:00 0 
7fcac8021000-7fcacc000000 ---p 00000000 00:00 0 
7fcacc000000-7fcacc021000 rw-p 00000000 00:00 0 
7fcacc021000-7fcad0000000 ---p 00000000 00:00 0 
7fcad0000000-7fcad0021000 rw-p 00000000 00:00 0 
7fcad0021000-7fcad4000000 ---p 00000000 00:00 0 
7fcad4000000-7fcad4001000 r--s 00000000 08:09 133069                     /var/cache/fontconfig/56cf4f4769d0f4abc89a4895d7bd3ae1-le64.cache-6
7fcad4001000-7fcad4004000 r--s 00000000 08:09 133074                     /var/cache/fontconfig/75114ca45c98e8a441da0ff356701271-le64.cache-6
7fcad4004000-7fcad400f000 r--s 00000000 08:09 133077                     /var/cache/fontconfig/83bf95040141907cd45bb53cf7c1c148-le64.cache-6
7fcad400f000-7fcad4012000 r--s 00000000 08:09 133093                     /var/cache/fontconfig/e13b20fdb08344e0e664864cc2ede53d-le64.cache-6
7fcad4012000-7fcad4018000 r--s 002f8000 08:09 7869810                    /usr/lib/jvm/java-8-openjdk-amd64/jre/lib/charsets.jar
7fcad4018000-7fcad4033000 r--s 001d7000 08:09 7869807                    /usr/lib/jvm/java-8-openjdk-amd64/jre/lib/ext/nashorn.jar
7fcad4033000-7fcad5000000 rw-p 00000000 00:00 0 
7fcad5000000-7fcad5670000 rwxp 00000000 00:00 0 
7fcad5670000-7fcae4000000 ---p 00000000 00:00 0 
7fcae4000000-7fcae4750000 rw-p 00000000 00:00 0 
7fcae4750000-7fcae8000000 ---p 00000000 00:00 0 
7fcae8000000-7fcae8001000 r--s 00000000 08:09 133084                     /var/cache/fontconfig/b9d506c9ac06c20b433354fa67a72993-le64.cache-6
7fcae8001000-7fcae8002000 r--s 00000000 08:09 133068                     /var/cache/fontconfig/551ecf3b0e8b0bca0f25c0944f561853-le64.cache-6
7fcae8002000-7fcae801e000 r--s 00393000 08:09 7869803                    /usr/lib/jvm/java-8-openjdk-amd64/jre/lib/ext/cldrdata.jar
7fcae801e000-7fcae80ad000 rw-p 00000000 00:00 0 
7fcae80ad000-7fcae827a000 r--s 03be7000 08:09 7869798                    /usr/lib/jvm/java-8-openjdk-amd64/jre/lib/rt.jar
7fcae827a000-7fcae86cb000 rw-p 00000000 00:00 0 
7fcae86cb000-7fcae86cc000 ---p 00000000 00:00 0 
7fcae86cc000-7fcae87cc000 rw-p 00000000 00:00 0 
7fcae87cc000-7fcae87cd000 ---p 00000000 00:00 0 
7fcae87cd000-7fcae88cd000 rw-p 00000000 00:00 0 
7fcae88cd000-7fcae88ce000 ---p 00000000 00:00 0 
7fcae88ce000-7fcae89ce000 rw-p 00000000 00:00 0 
7fcae89ce000-7fcae89cf000 ---p 00000000 00:00 0 
7fcae89cf000-7fcae8acf000 rw-p 00000000 00:00 0 
7fcae8acf000-7fcae8ad0000 ---p 00000000 00:00 0 
7fcae8ad0000-7fcae8bd0000 rw-p 00000000 00:00 0 
7fcae8bd0000-7fcae8bd1000 ---p 00000000 00:00 0 
7fcae8bd1000-7fcae8cd1000 rw-p 00000000 00:00 0 
7fcae8cd1000-7fcae8cd2000 ---p 00000000 00:00 0 
7fcae8cd2000-7fcae8dd2000 rw-p 00000000 00:00 0 
7fcae8dd2000-7fcae8dd3000 ---p 00000000 00:00 0 
7fcae8dd3000-7fcae8efd000 rw-p 00000000 00:00 0 
7fcae8efd000-7fcae9165000 ---p 00000000 00:00 0 
7fcae9165000-7fcae918f000 rw-p 00000000 00:00 0 
7fcae918f000-7fcae93f7000 ---p 00000000 00:00 0 
7fcae93f7000-7fcae940c000 rw-p 00000000 00:00 0 
7fcae940c000-7fcae9540000 ---p 00000000 00:00 0 
7fcae9540000-7fcae955b000 rw-p 00000000 00:00 0 
7fcae955b000-7fcae9901000 ---p 00000000 00:00 0 
7fcae9901000-7fcae9909000 r-xp 00000000 08:09 7869777                    /usr/lib/jvm/java-8-openjdk-amd64/jre/lib/amd64/libzip.so
7fcae9909000-7fcae9b08000 ---p 00008000 08:09 7869777                    /usr/lib/jvm/java-8-openjdk-amd64/jre/lib/amd64/libzip.so
7fcae9b08000-7fcae9b09000 r--p 00007000 08:09 7869777                    /usr/lib/jvm/java-8-openjdk-amd64/jre/lib/amd64/libzip.so
7fcae9b09000-7fcae9b0a000 rw-p 00008000 08:09 7869777                    /usr/lib/jvm/java-8-openjdk-amd64/jre/lib/amd64/libzip.so
7fcae9b0a000-7fcae9b15000 r-xp 00000000 08:09 5247543                    /lib/x86_64-linux-gnu/libnss_files-2.23.so
7fcae9b15000-7fcae9d14000 ---p 0000b000 08:09 5247543                    /lib/x86_64-linux-gnu/libnss_files-2.23.so
7fcae9d14000-7fcae9d15000 r--p 0000a000 08:09 5247543                    /lib/x86_64-linux-gnu/libnss_files-2.23.so
7fcae9d15000-7fcae9d16000 rw-p 0000b000 08:09 5247543                    /lib/x86_64-linux-gnu/libnss_files-2.23.so
7fcae9d16000-7fcae9d1c000 rw-p 00000000 00:00 0 
7fcae9d1c000-7fcae9d27000 r-xp 00000000 08:09 5247553                    /lib/x86_64-linux-gnu/libnss_nis-2.23.so
7fcae9d27000-7fcae9f26000 ---p 0000b000 08:09 5247553                    /lib/x86_64-linux-gnu/libnss_nis-2.23.so
7fcae9f26000-7fcae9f27000 r--p 0000a000 08:09 5247553                    /lib/x86_64-linux-gnu/libnss_nis-2.23.so
7fcae9f27000-7fcae9f28000 rw-p 0000b000 08:09 5247553                    /lib/x86_64-linux-gnu/libnss_nis-2.23.so
7fcae9f28000-7fcae9f3e000 r-xp 00000000 08:09 5247537                    /lib/x86_64-linux-gnu/libnsl-2.23.so
7fcae9f3e000-7fcaea13d000 ---p 00016000 08:09 5247537                    /lib/x86_64-linux-gnu/libnsl-2.23.so
7fcaea13d000-7fcaea13e000 r--p 00015000 08:09 5247537                    /lib/x86_64-linux-gnu/libnsl-2.23.so
7fcaea13e000-7fcaea13f000 rw-p 00016000 08:09 5247537                    /lib/x86_64-linux-gnu/libnsl-2.23.so
7fcaea13f000-7fcaea141000 rw-p 00000000 00:00 0 
7fcaea141000-7fcaea149000 r-xp 00000000 08:09 5247539                    /lib/x86_64-linux-gnu/libnss_compat-2.23.so
7fcaea149000-7fcaea348000 ---p 00008000 08:09 5247539                    /lib/x86_64-linux-gnu/libnss_compat-2.23.so
7fcaea348000-7fcaea349000 r--p 00007000 08:09 5247539                    /lib/x86_64-linux-gnu/libnss_compat-2.23.so
7fcaea349000-7fcaea34a000 rw-p 00008000 08:09 5247539                    /lib/x86_64-linux-gnu/libnss_compat-2.23.so
7fcaea34a000-7fcaea377000 r-xp 00000000 08:09 7869763                    /usr/lib/jvm/java-8-openjdk-amd64/jre/lib/amd64/libjava.so
7fcaea377000-7fcaea576000 ---p 0002d000 08:09 7869763                    /usr/lib/jvm/java-8-openjdk-amd64/jre/lib/amd64/libjava.so
7fcaea576000-7fcaea577000 r--p 0002c000 08:09 7869763                    /usr/lib/jvm/java-8-openjdk-amd64/jre/lib/amd64/libjava.so
7fcaea577000-7fcaea579000 rw-p 0002d000 08:09 7869763                    /usr/lib/jvm/java-8-openjdk-amd64/jre/lib/amd64/libjava.so
7fcaea579000-7fcaea588000 r-xp 00000000 08:09 7869755                    /usr/lib/jvm/java-8-openjdk-amd64/jre/lib/amd64/libverify.so
7fcaea588000-7fcaea787000 ---p 0000f000 08:09 7869755                    /usr/lib/jvm/java-8-openjdk-amd64/jre/lib/amd64/libverify.so
7fcaea787000-7fcaea789000 r--p 0000e000 08:09 7869755                    /usr/lib/jvm/java-8-openjdk-amd64/jre/lib/amd64/libverify.so
7fcaea789000-7fcaea78a000 rw-p 00010000 08:09 7869755                    /usr/lib/jvm/java-8-openjdk-amd64/jre/lib/amd64/libverify.so
7fcaea78a000-7fcaea791000 r-xp 00000000 08:09 5247598                    /lib/x86_64-linux-gnu/librt-2.23.so
7fcaea791000-7fcaea990000 ---p 00007000 08:09 5247598                    /lib/x86_64-linux-gnu/librt-2.23.so
7fcaea990000-7fcaea991000 r--p 00006000 08:09 5247598                    /lib/x86_64-linux-gnu/librt-2.23.so
7fcaea991000-7fcaea992000 rw-p 00007000 08:09 5247598                    /lib/x86_64-linux-gnu/librt-2.23.so
7fcaea992000-7fcaea9a8000 r-xp 00000000 08:09 5247482                    /lib/x86_64-linux-gnu/libgcc_s.so.1
7fcaea9a8000-7fcaeaba7000 ---p 00016000 08:09 5247482                    /lib/x86_64-linux-gnu/libgcc_s.so.1
7fcaeaba7000-7fcaeaba8000 rw-p 00015000 08:09 5247482                    /lib/x86_64-linux-gnu/libgcc_s.so.1
7fcaeaba8000-7fcaeacb0000 r-xp 00000000 08:09 5247514                    /lib/x86_64-linux-gnu/libm-2.23.so
7fcaeacb0000-7fcaeaeaf000 ---p 00108000 08:09 5247514                    /lib/x86_64-linux-gnu/libm-2.23.so
7fcaeaeaf000-7fcaeaeb0000 r--p 00107000 08:09 5247514                    /lib/x86_64-linux-gnu/libm-2.23.so
7fcaeaeb0000-7fcaeaeb1000 rw-p 00108000 08:09 5247514                    /lib/x86_64-linux-gnu/libm-2.23.so
7fcaeaeb1000-7fcaeb023000 r-xp 00000000 08:09 6956205                    /usr/lib/x86_64-linux-gnu/libstdc++.so.6.0.21
7fcaeb023000-7fcaeb223000 ---p 00172000 08:09 6956205                    /usr/lib/x86_64-linux-gnu/libstdc++.so.6.0.21
7fcaeb223000-7fcaeb22d000 r--p 00172000 08:09 6956205                    /usr/lib/x86_64-linux-gnu/libstdc++.so.6.0.21
7fcaeb22d000-7fcaeb22f000 rw-p 0017c000 08:09 6956205                    /usr/lib/x86_64-linux-gnu/libstdc++.so.6.0.21
7fcaeb22f000-7fcaeb233000 rw-p 00000000 00:00 0 
7fcaeb233000-7fcaebe79000 r-xp 00000000 08:09 7869775                    /usr/lib/jvm/java-8-openjdk-amd64/jre/lib/amd64/server/libjvm.so
7fcaebe79000-7fcaec078000 ---p 00c46000 08:09 7869775                    /usr/lib/jvm/java-8-openjdk-amd64/jre/lib/amd64/server/libjvm.so
7fcaec078000-7fcaec10b000 r--p 00c45000 08:09 7869775                    /usr/lib/jvm/java-8-openjdk-amd64/jre/lib/amd64/server/libjvm.so
7fcaec10b000-7fcaec133000 rw-p 00cd8000 08:09 7869775                    /usr/lib/jvm/java-8-openjdk-amd64/jre/lib/amd64/server/libjvm.so
7fcaec133000-7fcaec163000 rw-p 00000000 00:00 0 
7fcaec163000-7fcaec17b000 r-xp 00000000 08:09 5247590                    /lib/x86_64-linux-gnu/libpthread-2.23.so
7fcaec17b000-7fcaec37a000 ---p 00018000 08:09 5247590                    /lib/x86_64-linux-gnu/libpthread-2.23.so
7fcaec37a000-7fcaec37b000 r--p 00017000 08:09 5247590                    /lib/x86_64-linux-gnu/libpthread-2.23.so
7fcaec37b000-7fcaec37c000 rw-p 00018000 08:09 5247590                    /lib/x86_64-linux-gnu/libpthread-2.23.so
7fcaec37c000-7fcaec380000 rw-p 00000000 00:00 0 
7fcaec380000-7fcaec383000 r-xp 00000000 08:09 5247468                    /lib/x86_64-linux-gnu/libdl-2.23.so
7fcaec383000-7fcaec582000 ---p 00003000 08:09 5247468                    /lib/x86_64-linux-gnu/libdl-2.23.so
7fcaec582000-7fcaec583000 r--p 00002000 08:09 5247468                    /lib/x86_64-linux-gnu/libdl-2.23.so
7fcaec583000-7fcaec584000 rw-p 00003000 08:09 5247468                    /lib/x86_64-linux-gnu/libdl-2.23.so
7fcaec584000-7fcaec59d000 r-xp 00000000 08:09 5247635                    /lib/x86_64-linux-gnu/libz.so.1.2.8
7fcaec59d000-7fcaec79c000 ---p 00019000 08:09 5247635                    /lib/x86_64-linux-gnu/libz.so.1.2.8
7fcaec79c000-7fcaec79d000 r--p 00018000 08:09 5247635                    /lib/x86_64-linux-gnu/libz.so.1.2.8
7fcaec79d000-7fcaec79e000 rw-p 00019000 08:09 5247635                    /lib/x86_64-linux-gnu/libz.so.1.2.8
7fcaec79e000-7fcaec95e000 r-xp 00000000 08:09 5247444                    /lib/x86_64-linux-gnu/libc-2.23.so
7fcaec95e000-7fcaecb5d000 ---p 001c0000 08:09 5247444                    /lib/x86_64-linux-gnu/libc-2.23.so
7fcaecb5d000-7fcaecb61000 r--p 001bf000 08:09 5247444                    /lib/x86_64-linux-gnu/libc-2.23.so
7fcaecb61000-7fcaecb63000 rw-p 001c3000 08:09 5247444                    /lib/x86_64-linux-gnu/libc-2.23.so
7fcaecb63000-7fcaecb67000 rw-p 00000000 00:00 0 
7fcaecb67000-7fcaecb74000 r-xp 00000000 08:09 7869749                    /usr/lib/jvm/java-8-openjdk-amd64/jre/lib/amd64/jli/libjli.so
7fcaecb74000-7fcaecd74000 ---p 0000d000 08:09 7869749                    /usr/lib/jvm/java-8-openjdk-amd64/jre/lib/amd64/jli/libjli.so
7fcaecd74000-7fcaecd75000 r--p 0000d000 08:09 7869749                    /usr/lib/jvm/java-8-openjdk-amd64/jre/lib/amd64/jli/libjli.so
7fcaecd75000-7fcaecd76000 rw-p 0000e000 08:09 7869749                    /usr/lib/jvm/java-8-openjdk-amd64/jre/lib/amd64/jli/libjli.so
7fcaecd76000-7fcaecd9c000 r-xp 00000000 08:09 5247416                    /lib/x86_64-linux-gnu/ld-2.23.so
7fcaecd9c000-7fcaecd9d000 r--s 00000000 08:09 133063                     /var/cache/fontconfig/30829fa25452a46451e813d634d7f916-le64.cache-6
7fcaecd9d000-7fcaecda7000 r--s 00116000 08:09 7869805                    /usr/lib/jvm/java-8-openjdk-amd64/jre/lib/ext/localedata.jar
7fcaecda7000-7fcaece72000 rw-p 00000000 00:00 0 
7fcaece72000-7fcaece75000 ---p 00000000 00:00 0 
7fcaece75000-7fcaecf78000 rw-p 00000000 00:00 0 
7fcaecf78000-7fcaecf79000 r--s 00000000 08:09 133057                     /var/cache/fontconfig/0c9eb80ebd1c36541ebe2852d3bb0c49-le64.cache-6
7fcaecf79000-7fcaecf7d000 r--s 00000000 08:09 133036                     /var/cache/fontconfig/7ef2298fde41cc6eeb7af42e48b7d293-le64.cache-6
7fcaecf7d000-7fcaecf80000 r--s 0000f000 08:09 7869799                    /usr/lib/jvm/java-8-openjdk-amd64/jre/lib/ext/icedtea-sound.jar
7fcaecf80000-7fcaecf81000 r--s 0000a000 08:09 7869801                    /usr/lib/jvm/java-8-openjdk-amd64/jre/lib/ext/jaccess.jar
7fcaecf81000-7fcaecf85000 r--s 00037000 08:09 7869808                    /usr/lib/jvm/java-8-openjdk-amd64/jre/lib/ext/sunpkcs11.jar
7fcaecf85000-7fcaecf86000 r--s 00010000 08:09 7869800                    /usr/lib/jvm/java-8-openjdk-amd64/jre/lib/ext/zipfs.jar
7fcaecf86000-7fcaecf87000 r--s 00008000 08:09 7869804                    /usr/lib/jvm/java-8-openjdk-amd64/jre/lib/ext/sunec.jar
7fcaecf87000-7fcaecf89000 r--s 00001000 08:09 7869806                    /usr/lib/jvm/java-8-openjdk-amd64/jre/lib/ext/dnsns.jar
7fcaecf89000-7fcaecf8f000 r--s 0003a000 08:09 7869802                    /usr/lib/jvm/java-8-openjdk-amd64/jre/lib/ext/sunjce_provider.jar
7fcaecf8f000-7fcaecf97000 rw-s 00000000 08:09 2883632                    /tmp/hsperfdata_dylan/7618
7fcaecf97000-7fcaecf98000 rw-p 00000000 00:00 0 
7fcaecf98000-7fcaecf99000 r--p 00000000 00:00 0 
7fcaecf99000-7fcaecf9b000 rw-p 00000000 00:00 0 
7fcaecf9b000-7fcaecf9c000 r--p 00025000 08:09 5247416                    /lib/x86_64-linux-gnu/ld-2.23.so
7fcaecf9c000-7fcaecf9d000 rw-p 00026000 08:09 5247416                    /lib/x86_64-linux-gnu/ld-2.23.so
7fcaecf9d000-7fcaecf9e000 rw-p 00000000 00:00 0 
7ffdd7dc0000-7ffdd7de1000 rw-p 00000000 00:00 0                          [stack]
7ffdd7df0000-7ffdd7df2000 r--p 00000000 00:00 0                          [vvar]
7ffdd7df2000-7ffdd7df4000 r-xp 00000000 00:00 0                          [vdso]
ffffffffff600000-ffffffffff601000 r-xp 00000000 00:00 0                  [vsyscall]

VM Arguments:
jvm_args: -Dfile.encoding=UTF-8 
java_command: minesweeper.Minesweeper
java_class_path (initial): /home/dylan/workspace/minesweeper/bin
Launcher Type: SUN_STANDARD

Environment Variables:
PATH=/usr/local/sbin:/usr/local/bin:/usr/sbin:/usr/bin:/sbin:/bin:/usr/games:/usr/local/games:/snap/bin
SHELL=/bin/bash
DISPLAY=:0

Signal Handlers:
SIGSEGV: [libjvm.so+0xa5e090], sa_mask[0]=11111111011111111101111111111110, sa_flags=SA_RESTART|SA_SIGINFO
SIGBUS: [libjvm.so+0xa5e090], sa_mask[0]=11111111011111111101111111111110, sa_flags=SA_RESTART|SA_SIGINFO
SIGFPE: [libjvm.so+0x8a9800], sa_mask[0]=11111111011111111101111111111110, sa_flags=SA_RESTART|SA_SIGINFO
SIGPIPE: [libjvm.so+0x8a9800], sa_mask[0]=11111111011111111101111111111110, sa_flags=SA_RESTART|SA_SIGINFO
SIGXFSZ: [libjvm.so+0x8a9800], sa_mask[0]=11111111011111111101111111111110, sa_flags=SA_RESTART|SA_SIGINFO
SIGILL: [libjvm.so+0x8a9800], sa_mask[0]=11111111011111111101111111111110, sa_flags=SA_RESTART|SA_SIGINFO
SIGUSR1: SIG_DFL, sa_mask[0]=00000000000000000000000000000000, sa_flags=none
SIGUSR2: [libjvm.so+0x8a96b0], sa_mask[0]=00100000000000000000000000000000, sa_flags=SA_RESTART|SA_SIGINFO
SIGHUP: [libjvm.so+0x8a9b80], sa_mask[0]=11111111011111111101111111111110, sa_flags=SA_RESTART|SA_SIGINFO
SIGINT: [libjvm.so+0x8a9b80], sa_mask[0]=11111111011111111101111111111110, sa_flags=SA_RESTART|SA_SIGINFO
SIGTERM: [libjvm.so+0x8a9b80], sa_mask[0]=11111111011111111101111111111110, sa_flags=SA_RESTART|SA_SIGINFO
SIGQUIT: [libjvm.so+0x8a9b80], sa_mask[0]=11111111011111111101111111111110, sa_flags=SA_RESTART|SA_SIGINFO


---------------  S Y S T E M  ---------------

OS:DISTRIB_ID=Ubuntu
DISTRIB_RELEASE=16.04
DISTRIB_CODENAME=xenial
DISTRIB_DESCRIPTION="Ubuntu 16.04 LTS"

uname:Linux 4.4.0-22-generic #40-Ubuntu SMP Thu May 12 22:03:46 UTC 2016 x86_64
libc:glibc 2.23 NPTL 2.23 
rlimit: STACK 8192k, CORE 0k, NPROC 31162, NOFILE 65536, AS infinity
load average:0.59 0.36 0.27

/proc/meminfo:
MemTotal:        8085092 kB
MemFree:         2703308 kB
MemAvailable:    5121068 kB
Buffers:          119532 kB
Cached:          2728680 kB
SwapCached:            0 kB
Active:          3227540 kB
Inactive:        1839328 kB
Active(anon):    2233908 kB
Inactive(anon):   532688 kB
Active(file):     993632 kB
Inactive(file):  1306640 kB
Unevictable:          48 kB
Mlocked:              48 kB
SwapTotal:       8000508 kB
SwapFree:        8000508 kB
Dirty:               144 kB
Writeback:             0 kB
AnonPages:       2195924 kB
Mapped:           412776 kB
Shmem:            547800 kB
Slab:             204256 kB
SReclaimable:     159824 kB
SUnreclaim:        44432 kB
KernelStack:       11776 kB
PageTables:        20532 kB
NFS_Unstable:          0 kB
Bounce:                0 kB
WritebackTmp:          0 kB
CommitLimit:    12043052 kB
Committed_AS:    5333940 kB
VmallocTotal:   34359738367 kB
VmallocUsed:           0 kB
VmallocChunk:          0 kB
HardwareCorrupted:     0 kB
AnonHugePages:   1671168 kB
CmaTotal:              0 kB
CmaFree:               0 kB
HugePages_Total:       0
HugePages_Free:        0
HugePages_Rsvd:        0
HugePages_Surp:        0
Hugepagesize:       2048 kB
DirectMap4k:      117504 kB
DirectMap2M:     5036032 kB
DirectMap1G:     4194304 kB


CPU:total 8 (4 cores per cpu, 2 threads per core) family 6 model 60 stepping 3, cmov, cx8, fxsr, mmx, sse, sse2, sse3, ssse3, sse4.1, sse4.2, popcnt, avx, avx2, aes, clmul, erms, lzcnt, ht, tsc, tscinvbit, bmi1, bmi2

/proc/cpuinfo:
processor	: 0
vendor_id	: GenuineIntel
cpu family	: 6
model		: 60
model name	: Intel(R) Core(TM) i7-4710HQ CPU @ 2.50GHz
stepping	: 3
microcode	: 0x1a
cpu MHz		: 3184.082
cache size	: 6144 KB
physical id	: 0
siblings	: 8
core id		: 0
cpu cores	: 4
apicid		: 0
initial apicid	: 0
fpu		: yes
fpu_exception	: yes
cpuid level	: 13
wp		: yes
flags		: fpu vme de pse tsc msr pae mce cx8 apic sep mtrr pge mca cmov pat pse36 clflush dts acpi mmx fxsr sse sse2 ss ht tm pbe syscall nx pdpe1gb rdtscp lm constant_tsc arch_perfmon pebs bts rep_good nopl xtopology nonstop_tsc aperfmperf eagerfpu pni pclmulqdq dtes64 monitor ds_cpl vmx est tm2 ssse3 sdbg fma cx16 xtpr pdcm pcid sse4_1 sse4_2 x2apic movbe popcnt tsc_deadline_timer aes xsave avx f16c rdrand lahf_lm abm epb tpr_shadow vnmi flexpriority ept vpid fsgsbase tsc_adjust bmi1 avx2 smep bmi2 erms invpcid xsaveopt dtherm ida arat pln pts
bugs		:
bogomips	: 4988.03
clflush size	: 64
cache_alignment	: 64
address sizes	: 39 bits physical, 48 bits virtual
power management:

processor	: 1
vendor_id	: GenuineIntel
cpu family	: 6
model		: 60
model name	: Intel(R) Core(TM) i7-4710HQ CPU @ 2.50GHz
stepping	: 3
microcode	: 0x1a
cpu MHz		: 3166.601
cache size	: 6144 KB
physical id	: 0
siblings	: 8
core id		: 0
cpu cores	: 4
apicid		: 1
initial apicid	: 1
fpu		: yes
fpu_exception	: yes
cpuid level	: 13
wp		: yes
flags		: fpu vme de pse tsc msr pae mce cx8 apic sep mtrr pge mca cmov pat pse36 clflush dts acpi mmx fxsr sse sse2 ss ht tm pbe syscall nx pdpe1gb rdtscp lm constant_tsc arch_perfmon pebs bts rep_good nopl xtopology nonstop_tsc aperfmperf eagerfpu pni pclmulqdq dtes64 monitor ds_cpl vmx est tm2 ssse3 sdbg fma cx16 xtpr pdcm pcid sse4_1 sse4_2 x2apic movbe popcnt tsc_deadline_timer aes xsave avx f16c rdrand lahf_lm abm epb tpr_shadow vnmi flexpriority ept vpid fsgsbase tsc_adjust bmi1 avx2 smep bmi2 erms invpcid xsaveopt dtherm ida arat pln pts
bugs		:
bogomips	: 4988.03
clflush size	: 64
cache_alignment	: 64
address sizes	: 39 bits physical, 48 bits virtual
power management:

processor	: 2
vendor_id	: GenuineIntel
cpu family	: 6
model		: 60
model name	: Intel(R) Core(TM) i7-4710HQ CPU @ 2.50GHz
stepping	: 3
microcode	: 0x1a
cpu MHz		: 3166.601
cache size	: 6144 KB
physical id	: 0
siblings	: 8
core id		: 1
cpu cores	: 4
apicid		: 2
initial apicid	: 2
fpu		: yes
fpu_exception	: yes
cpuid level	: 13
wp		: yes
flags		: fpu vme de pse tsc msr pae mce cx8 apic sep mtrr pge mca cmov pat pse36 clflush dts acpi mmx fxsr sse sse2 ss ht tm pbe syscall nx pdpe1gb rdtscp lm constant_tsc arch_perfmon pebs bts rep_good nopl xtopology nonstop_tsc aperfmperf eagerfpu pni pclmulqdq dtes64 monitor ds_cpl vmx est tm2 ssse3 sdbg fma cx16 xtpr pdcm pcid sse4_1 sse4_2 x2apic movbe popcnt tsc_deadline_timer aes xsave avx f16c rdrand lahf_lm abm epb tpr_shadow vnmi flexpriority ept vpid fsgsbase tsc_adjust bmi1 avx2 smep bmi2 erms invpcid xsaveopt dtherm ida arat pln pts
bugs		:
bogomips	: 4988.03
clflush size	: 64
cache_alignment	: 64
address sizes	: 39 bits physical, 48 bits virtual
power management:

processor	: 3
vendor_id	: GenuineIntel
cpu family	: 6
model		: 60
model name	: Intel(R) Core(TM) i7-4710HQ CPU @ 2.50GHz
stepping	: 3
microcode	: 0x1a
cpu MHz		: 3174.121
cache size	: 6144 KB
physical id	: 0
siblings	: 8
core id		: 1
cpu cores	: 4
apicid		: 3
initial apicid	: 3
fpu		: yes
fpu_exception	: yes
cpuid level	: 13
wp		: yes
flags		: fpu vme de pse tsc msr pae mce cx8 apic sep mtrr pge mca cmov pat pse36 clflush dts acpi mmx fxsr sse sse2 ss ht tm pbe syscall nx pdpe1gb rdtscp lm constant_tsc arch_perfmon pebs bts rep_good nopl xtopology nonstop_tsc aperfmperf eagerfpu pni pclmulqdq dtes64 monitor ds_cpl vmx est tm2 ssse3 sdbg fma cx16 xtpr pdcm pcid sse4_1 sse4_2 x2apic movbe popcnt tsc_deadline_timer aes xsave avx f16c rdrand lahf_lm abm epb tpr_shadow vnmi flexpriority ept vpid fsgsbase tsc_adjust bmi1 avx2 smep bmi2 erms invpcid xsaveopt dtherm ida arat pln pts
bugs		:
bogomips	: 4988.03
clflush size	: 64
cache_alignment	: 64
address sizes	: 39 bits physical, 48 bits virtual
power management:

processor	: 4
vendor_id	: GenuineIntel
cpu family	: 6
model		: 60
model name	: Intel(R) Core(TM) i7-4710HQ CPU @ 2.50GHz
stepping	: 3
microcode	: 0x1a
cpu MHz		: 3189.453
cache size	: 6144 KB
physical id	: 0
siblings	: 8
core id		: 2
cpu cores	: 4
apicid		: 4
initial apicid	: 4
fpu		: yes
fpu_exception	: yes
cpuid level	: 13
wp		: yes
flags		: fpu vme de pse tsc msr pae mce cx8 apic sep mtrr pge mca cmov pat pse36 clflush dts acpi mmx fxsr sse sse2 ss ht tm pbe syscall nx pdpe1gb rdtscp lm constant_tsc arch_perfmon pebs bts rep_good nopl xtopology nonstop_tsc aperfmperf eagerfpu pni pclmulqdq dtes64 monitor ds_cpl vmx est tm2 ssse3 sdbg fma cx16 xtpr pdcm pcid sse4_1 sse4_2 x2apic movbe popcnt tsc_deadline_timer aes xsave avx f16c rdrand lahf_lm abm epb tpr_shadow vnmi flexpriority ept vpid fsgsbase tsc_adjust bmi1 avx2 smep bmi2 erms invpcid xsaveopt dtherm ida arat pln pts
bugs		:
bogomips	: 4988.03
clflush size	: 64
cache_alignment	: 64
address sizes	: 39 bits physical, 48 bits virtual
power management:

processor	: 5
vendor_id	: GenuineIntel
cpu family	: 6
model		: 60
model name	: Intel(R) Core(TM) i7-4710HQ CPU @ 2.50GHz
stepping	: 3
microcode	: 0x1a
cpu MHz		: 3174.121
cache size	: 6144 KB
physical id	: 0
siblings	: 8
core id		: 2
cpu cores	: 4
apicid		: 5
initial apicid	: 5
fpu		: yes
fpu_exception	: yes
cpuid level	: 13
wp		: yes
flags		: fpu vme de pse tsc msr pae mce cx8 apic sep mtrr pge mca cmov pat pse36 clflush dts acpi mmx fxsr sse sse2 ss ht tm pbe syscall nx pdpe1gb rdtscp lm constant_tsc arch_perfmon pebs bts rep_good nopl xtopology nonstop_tsc aperfmperf eagerfpu pni pclmulqdq dtes64 monitor ds_cpl vmx est tm2 ssse3 sdbg fma cx16 xtpr pdcm pcid sse4_1 sse4_2 x2apic movbe popcnt tsc_deadline_timer aes xsave avx f16c rdrand lahf_lm abm epb tpr_shadow vnmi flexpriority ept vpid fsgsbase tsc_adjust bmi1 avx2 smep bmi2 erms invpcid xsaveopt dtherm ida arat pln pts
bugs		:
bogomips	: 4988.03
clflush size	: 64
cache_alignment	: 64
address sizes	: 39 bits physical, 48 bits virtual
power management:

processor	: 6
vendor_id	: GenuineIntel
cpu family	: 6
model		: 60
model name	: Intel(R) Core(TM) i7-4710HQ CPU @ 2.50GHz
stepping	: 3
microcode	: 0x1a
cpu MHz		: 3166.503
cache size	: 6144 KB
physical id	: 0
siblings	: 8
core id		: 3
cpu cores	: 4
apicid		: 6
initial apicid	: 6
fpu		: yes
fpu_exception	: yes
cpuid level	: 13
wp		: yes
flags		: fpu vme de pse tsc msr pae mce cx8 apic sep mtrr pge mca cmov pat pse36 clflush dts acpi mmx fxsr sse sse2 ss ht tm pbe syscall nx pdpe1gb rdtscp lm constant_tsc arch_perfmon pebs bts rep_good nopl xtopology nonstop_tsc aperfmperf eagerfpu pni pclmulqdq dtes64 monitor ds_cpl vmx est tm2 ssse3 sdbg fma cx16 xtpr pdcm pcid sse4_1 sse4_2 x2apic movbe popcnt tsc_deadline_timer aes xsave avx f16c rdrand lahf_lm abm epb tpr_shadow vnmi flexpriority ept vpid fsgsbase tsc_adjust bmi1 avx2 smep bmi2 erms invpcid xsaveopt dtherm ida arat pln pts
bugs		:
bogomips	: 4988.03
clflush size	: 64
cache_alignment	: 64
address sizes	: 39 bits physical, 48 bits virtual
power management:

processor	: 7
vendor_id	: GenuineIntel
cpu family	: 6
model		: 60
model name	: Intel(R) Core(TM) i7-4710HQ CPU @ 2.50GHz
stepping	: 3
microcode	: 0x1a
cpu MHz		: 3166.601
cache size	: 6144 KB
physical id	: 0
siblings	: 8
core id		: 3
cpu cores	: 4
apicid		: 7
initial apicid	: 7
fpu		: yes
fpu_exception	: yes
cpuid level	: 13
wp		: yes
flags		: fpu vme de pse tsc msr pae mce cx8 apic sep mtrr pge mca cmov pat pse36 clflush dts acpi mmx fxsr sse sse2 ss ht tm pbe syscall nx pdpe1gb rdtscp lm constant_tsc arch_perfmon pebs bts rep_good nopl xtopology nonstop_tsc aperfmperf eagerfpu pni pclmulqdq dtes64 monitor ds_cpl vmx est tm2 ssse3 sdbg fma cx16 xtpr pdcm pcid sse4_1 sse4_2 x2apic movbe popcnt tsc_deadline_timer aes xsave avx f16c rdrand lahf_lm abm epb tpr_shadow vnmi flexpriority ept vpid fsgsbase tsc_adjust bmi1 avx2 smep bmi2 erms invpcid xsaveopt dtherm ida arat pln pts
bugs		:
bogomips	: 4988.03
clflush size	: 64
cache_alignment	: 64
address sizes	: 39 bits physical, 48 bits virtual
power management:



Memory: 4k page, physical 8085092k(2719468k free), swap 8000508k(8000508k free)

vm_info: OpenJDK 64-Bit Server VM (25.91-b14) for linux-amd64 JRE (1.8.0_91-8u91-b14-0ubuntu4~16.04.1-b14), built on Apr 23 2016 07:03:54 by "buildd" with gcc 5.3.1 20160413

time: Fri May 27 14:05:35 2016
elapsed time: 5490 seconds (0d 1h 31m 30s)

